\BOOKMARK [0][-]{chapter.1}{Einleitung}{}% 1
\BOOKMARK [0][-]{chapter.2}{Technischer Kontext}{}% 2
\BOOKMARK [1][-]{section.2.1}{Dom\344nenspezifische Programmiersprachen}{chapter.2}% 3
\BOOKMARK [2][-]{subsection.2.1.1}{Differenzierung}{section.2.1}% 4
\BOOKMARK [2][-]{subsection.2.1.2}{Werkzeugunterst\374tzung}{section.2.1}% 5
\BOOKMARK [2][-]{subsection.2.1.3}{Nutzergruppen}{section.2.1}% 6
\BOOKMARK [1][-]{section.2.2}{Debugging Techniken}{chapter.2}% 7
\BOOKMARK [2][-]{subsection.2.2.1}{Grundlagen}{section.2.2}% 8
\BOOKMARK [2][-]{subsection.2.2.2}{Verfahren}{section.2.2}% 9
\BOOKMARK [2][-]{subsection.2.2.3}{Weitere Klassifizierung}{section.2.2}% 10
\BOOKMARK [2][-]{subsection.2.2.4}{Funktionsweise herk\366mmlicher Debugger}{section.2.2}% 11
\BOOKMARK [2][-]{subsection.2.2.5}{Same-Process Debugger}{section.2.2}% 12
\BOOKMARK [1][-]{section.2.3}{Digitale Signalverarbeitung}{chapter.2}% 13
\BOOKMARK [2][-]{subsection.2.3.1}{Echtzeitverarbeitung}{section.2.3}% 14
\BOOKMARK [2][-]{subsection.2.3.2}{Softwarebasierte digitale Klangsynthese}{section.2.3}% 15
\BOOKMARK [1][-]{section.2.4}{Reaktor Core}{chapter.2}% 16
\BOOKMARK [2][-]{subsection.2.4.1}{Programmierumgebung}{section.2.4}% 17
\BOOKMARK [2][-]{subsection.2.4.2}{Einf\374hrendes Beispiel}{section.2.4}% 18
\BOOKMARK [2][-]{subsection.2.4.3}{Grundlegende Arbeitsweise}{section.2.4}% 19
\BOOKMARK [0][-]{chapter.3}{Konzeption}{}% 20
\BOOKMARK [1][-]{section.3.1}{Vorbetrachtung}{chapter.3}% 21
\BOOKMARK [2][-]{subsection.3.1.1}{Ausgangssituation}{section.3.1}% 22
\BOOKMARK [2][-]{subsection.3.1.2}{Grundlegende Problematik und Zielstellung}{section.3.1}% 23
\BOOKMARK [2][-]{subsection.3.1.3}{Wahl des Debugging-Verfahrens}{section.3.1}% 24
\BOOKMARK [1][-]{section.3.2}{Same-Process Debugger}{chapter.3}% 25
\BOOKMARK [2][-]{subsection.3.2.1}{Breakpoints}{section.3.2}% 26
\BOOKMARK [2][-]{subsection.3.2.2}{Einzelschrittausf\374hrung}{section.3.2}% 27
\BOOKMARK [1][-]{section.3.3}{Echtzeitf\344higkeit}{chapter.3}% 28
\BOOKMARK [2][-]{subsection.3.3.1}{Ablauf der Echtzeitverarbeitung}{section.3.3}% 29
\BOOKMARK [2][-]{subsection.3.3.2}{Einf\374gen von Breakpoints zur Laufzeit}{section.3.3}% 30
\BOOKMARK [2][-]{subsection.3.3.3}{Unterbrechung der Echtzeitverarbeitung}{section.3.3}% 31
\BOOKMARK [1][-]{section.3.4}{Zusammenfassung}{chapter.3}% 32
\BOOKMARK [0][-]{chapter.4}{Implementierung in Reaktor Core}{}% 33
\BOOKMARK [1][-]{section.4.1}{Funktionsumfang des Prototypen}{chapter.4}% 34
\BOOKMARK [1][-]{section.4.2}{Technische Realisierung von Reaktor Core}{chapter.4}% 35
\BOOKMARK [2][-]{subsection.4.2.1}{Eigenschaften von Reaktor Core Programmen}{section.4.2}% 36
\BOOKMARK [2][-]{subsection.4.2.2}{Architektur}{section.4.2}% 37
\BOOKMARK [2][-]{subsection.4.2.3}{Arbeitsweise von Reaktor Core}{section.4.2}% 38
\BOOKMARK [2][-]{subsection.4.2.4}{Ablauf der Kompilierung}{section.4.2}% 39
\BOOKMARK [1][-]{section.4.3}{Aufgaben zur \334bersetzungszeit}{chapter.4}% 40
\BOOKMARK [2][-]{subsection.4.3.1}{\334berblick}{section.4.3}% 41
\BOOKMARK [2][-]{subsection.4.3.2}{Aufzeichnung der Programmelemente zur Compilezeit}{section.4.3}% 42
\BOOKMARK [2][-]{subsection.4.3.3}{Kontrollflussanalyse zur Linkzeit}{section.4.3}% 43
\BOOKMARK [2][-]{subsection.4.3.4}{Anpassungen des Pr\374flingsprogramms}{section.4.3}% 44
\BOOKMARK [1][-]{section.4.4}{Laufzeitprozess}{chapter.4}% 45
\BOOKMARK [2][-]{subsection.4.4.1}{Voraussetzungen}{section.4.4}% 46
\BOOKMARK [2][-]{subsection.4.4.2}{Breakpoints}{section.4.4}% 47
\BOOKMARK [2][-]{subsection.4.4.3}{Realisierung von Unterbrechungen}{section.4.4}% 48
\BOOKMARK [1][-]{section.4.5}{Ablauf des Single-Stepping}{chapter.4}% 49
\BOOKMARK [0][-]{chapter.5}{Ergebnisse}{}% 50
\BOOKMARK [0][-]{chapter*.24}{Literaturverzeichnis}{}% 51
