This is pdfTeX, Version 3.1415926-1.40.10 (MiKTeX 2.8) (preloaded format=pdflatex 2012.12.17)  22 DEC 2012 17:04
entering extended mode
**C:/Users/staehff/NI*Drive/Studium/Diplomarbeit/Text/Diplomarbeit.tex
("C:/Users/staehff/NI Drive/Studium/Diplomarbeit/Text/Diplomarbeit.tex"
LaTeX2e <2009/09/24>
Babel <v3.8l> and hyphenation patterns for english, dumylang, nohyphenation, ge
rman, ngerman, german-x-2009-06-19, ngerman-x-2009-06-19, french, loaded.

(C:\Users\staehff\AppData\Roaming\MiKTeX\2.8\tex\latex\koma-script\scrreprt.cls
Document Class: scrreprt 2012/03/08 v3.10a KOMA-Script document class (report)

(C:\Users\staehff\AppData\Roaming\MiKTeX\2.8\tex\latex\koma-script\scrkbase.sty
Package: scrkbase 2012/03/08 v3.10a KOMA-Script package (KOMA-Script-dependent 
basics and keyval usage)
(C:\Users\staehff\AppData\Roaming\MiKTeX\2.8\tex\latex\koma-script\scrbase.sty
Package: scrbase 2012/03/08 v3.10a KOMA-Script package (KOMA-Script-independent
 basics and keyval usage)

("C:\Program Files (x86)\MiKTeX 2.8\tex\latex\graphics\keyval.sty"
Package: keyval 1999/03/16 v1.13 key=value parser (DPC)
\KV@toks@=\toks14
)
(C:\Users\staehff\AppData\Roaming\MiKTeX\2.8\tex\latex\koma-script\scrlfile.sty
Package: scrlfile 2011/03/09 v3.09 KOMA-Script package (loading files)
Package scrlfile, 2011/03/09 v3.09 KOMA-Script package (loading files)
                  Copyright (C) Markus Kohm

)))
(C:\Users\staehff\AppData\Roaming\MiKTeX\2.8\tex\latex\koma-script\tocbasic.sty
Package: tocbasic 2011/05/30 v3.09a KOMA-Script package (handling toc-files)
)
Package tocbasic Info: omitting babel extension for `toc'
(tocbasic)             because of feature `nobabel' available
(tocbasic)             for `toc' on input line 117.
Package tocbasic Info: omitting babel extension for `lof'
(tocbasic)             because of feature `nobabel' available
(tocbasic)             for `lof' on input line 118.
Package tocbasic Info: omitting babel extension for `lot'
(tocbasic)             because of feature `nobabel' available
(tocbasic)             for `lot' on input line 119.
Package scrreprt Info: You've used obsolete option `11pt'.
(scrreprt)             \KOMAExecuteOptions{fontsize=11pt} will be
(scrreprt)             used instead.
(scrreprt)             You may simply replace `11pt'
(scrreprt)             by `fontsize=11pt'.
Class scrreprt Info: File `scrsize11pt.clo' used to setup font sizes on input l
ine 1363.

(C:\Users\staehff\AppData\Roaming\MiKTeX\2.8\tex\latex\koma-script\scrsize11pt.
clo
File: scrsize11pt.clo 2012/03/08 v3.10a KOMA-Script font size class option (11p
t)
)
(C:\Users\staehff\AppData\Roaming\MiKTeX\2.8\tex\latex\koma-script\typearea.sty
Package: typearea 2012/03/08 v3.10a KOMA-Script package (type area)
Package typearea, 2012/03/08 v3.10a KOMA-Script package (type area)
                  Copyright (C) Frank Neukam, 1992-1994
                  Copyright (C) Markus Kohm, 1994-

\ta@bcor=\skip41
\ta@div=\count79
Package typearea Info: You've used standard option `a4paper'.
(typearea)             This is correct!
(typearea)             Internally I'm using `paper=a4'.
(typearea)             If you'd like to set the option with \KOMAoptions,
(typearea)             you'd have to use `paper=a4' there
(typearea)             instead of `a4paper', too.
\ta@hblk=\skip42
\ta@vblk=\skip43
\ta@temp=\skip44
Package typearea Info: These are the values describing the layout:
(typearea)             DIV  = 10
(typearea)             BCOR = 28.45274pt
(typearea)             \paperwidth      = 597.50793pt
(typearea)              \textwidth      = 398.33864pt
(typearea)              DIV departure   = -1%
(typearea)              \evensidemargin = 41.54105pt
(typearea)              \oddsidemargin  = 13.08827pt
(typearea)             \paperheight     = 845.04694pt
(typearea)              \textheight     = 555.00024pt
(typearea)              \topmargin      = 12.2347pt
(typearea)              \headheight     = 17.0pt
(typearea)              \headsep        = 20.40001pt
(typearea)              \topskip        = 11.0pt
(typearea)              \footskip       = 47.60002pt
(typearea)              \baselineskip   = 13.6pt
(typearea)              on input line 1177.
)
\c@part=\count80
\c@chapter=\count81
\c@section=\count82
\c@subsection=\count83
\c@subsubsection=\count84
\c@paragraph=\count85
\c@subparagraph=\count86
\abovecaptionskip=\skip45
\belowcaptionskip=\skip46
\c@pti@nb@sid@b@x=\box26
\c@figure=\count87
\c@table=\count88
\bibindent=\dimen102
) ("C:\Program Files (x86)\MiKTeX 2.8\tex\generic\babel\babel.sty"
Package: babel 2008/07/06 v3.8l The Babel package

*************************************
* Local config file bblopts.cfg used
*
("C:\Program Files (x86)\MiKTeX 2.8\tex\latex\00miktex\bblopts.cfg"
File: bblopts.cfg 2006/07/31 v1.0 MiKTeX 'babel' configuration
)
("C:\Program Files (x86)\MiKTeX 2.8\tex\generic\babel\germanb.ldf"
Language: germanb 2008/06/01 v2.6m German support from the babel system

("C:\Program Files (x86)\MiKTeX 2.8\tex\generic\babel\babel.def"
File: babel.def 2008/07/06 v3.8l Babel common definitions
\babel@savecnt=\count89
\U@D=\dimen103
)
\l@austrian = a dialect from \language\l@german 
Package babel Info: Making " an active character on input line 102.
)
("C:\Program Files (x86)\MiKTeX 2.8\tex\generic\babel\ngermanb.ldf"
Language: ngermanb 2008/07/06 v2.6n new German support from the babel system
\l@naustrian = a dialect from \language\l@ngerman 
))
(C:\Users\staehff\AppData\Roaming\MiKTeX\2.8\tex\latex\babelbib\babelbib.sty
Package: babelbib 2012/01/03 v1.31 babelbib: multilingual bibliographies (HH)
\c@btxromaniannumeral=\count90
)
("C:\Program Files (x86)\MiKTeX 2.8\tex\latex\ams\math\amsmath.sty"
Package: amsmath 2000/07/18 v2.13 AMS math features
\@mathmargin=\skip47

For additional information on amsmath, use the `?' option.
("C:\Program Files (x86)\MiKTeX 2.8\tex\latex\ams\math\amstext.sty"
Package: amstext 2000/06/29 v2.01

("C:\Program Files (x86)\MiKTeX 2.8\tex\latex\ams\math\amsgen.sty"
File: amsgen.sty 1999/11/30 v2.0
\@emptytoks=\toks15
\ex@=\dimen104
))
("C:\Program Files (x86)\MiKTeX 2.8\tex\latex\ams\math\amsbsy.sty"
Package: amsbsy 1999/11/29 v1.2d
\pmbraise@=\dimen105
)
("C:\Program Files (x86)\MiKTeX 2.8\tex\latex\ams\math\amsopn.sty"
Package: amsopn 1999/12/14 v2.01 operator names
)
\inf@bad=\count91
LaTeX Info: Redefining \frac on input line 211.
\uproot@=\count92
\leftroot@=\count93
LaTeX Info: Redefining \overline on input line 307.
\classnum@=\count94
\DOTSCASE@=\count95
LaTeX Info: Redefining \ldots on input line 379.
LaTeX Info: Redefining \dots on input line 382.
LaTeX Info: Redefining \cdots on input line 467.
\Mathstrutbox@=\box27
\strutbox@=\box28
\big@size=\dimen106
LaTeX Font Info:    Redeclaring font encoding OML on input line 567.
LaTeX Font Info:    Redeclaring font encoding OMS on input line 568.
\macc@depth=\count96
\c@MaxMatrixCols=\count97
\dotsspace@=\muskip10
\c@parentequation=\count98
\dspbrk@lvl=\count99
\tag@help=\toks16
\row@=\count100
\column@=\count101
\maxfields@=\count102
\andhelp@=\toks17
\eqnshift@=\dimen107
\alignsep@=\dimen108
\tagshift@=\dimen109
\tagwidth@=\dimen110
\totwidth@=\dimen111
\lineht@=\dimen112
\@envbody=\toks18
\multlinegap=\skip48
\multlinetaggap=\skip49
\mathdisplay@stack=\toks19
LaTeX Info: Redefining \[ on input line 2666.
LaTeX Info: Redefining \] on input line 2667.
)
("C:\Program Files (x86)\MiKTeX 2.8\tex\latex\ams\classes\amsthm.sty"
Package: amsthm 2004/08/06 v2.20
\thm@style=\toks20
\thm@bodyfont=\toks21
\thm@headfont=\toks22
\thm@notefont=\toks23
\thm@headpunct=\toks24
\thm@preskip=\skip50
\thm@postskip=\skip51
\thm@headsep=\skip52
\dth@everypar=\toks25
)
("C:\Program Files (x86)\MiKTeX 2.8\tex\latex\base\fontenc.sty"
Package: fontenc 2005/09/27 v1.99g Standard LaTeX package

("C:\Program Files (x86)\MiKTeX 2.8\tex\latex\base\t1enc.def"
File: t1enc.def 2005/09/27 v1.99g Standard LaTeX file
LaTeX Font Info:    Redeclaring font encoding T1 on input line 43.
))
("C:\Program Files (x86)\MiKTeX 2.8\tex\latex\base\inputenc.sty"
Package: inputenc 2008/03/30 v1.1d Input encoding file
\inpenc@prehook=\toks26
\inpenc@posthook=\toks27

("C:\Program Files (x86)\MiKTeX 2.8\tex\latex\base\latin1.def"
File: latin1.def 2008/03/30 v1.1d Input encoding file
))
("C:\Program Files (x86)\MiKTeX 2.8\tex\latex\geometry\geometry.sty"
Package: geometry 2010/03/13 v5.3 Page Geometry

("C:\Program Files (x86)\MiKTeX 2.8\tex\generic\oberdiek\ifpdf.sty"
Package: ifpdf 2010/01/28 v2.1 Provides the ifpdf switch (HO)
Package ifpdf Info: pdfTeX in pdf mode detected.
)
("C:\Program Files (x86)\MiKTeX 2.8\tex\generic\oberdiek\ifvtex.sty"
Package: ifvtex 2010/03/01 v1.5 Switches for detecting VTeX and its modes (HO)
Package ifvtex Info: VTeX not detected.
)
\Gm@cnth=\count103
\Gm@cntv=\count104
\c@Gm@tempcnt=\count105
\Gm@bindingoffset=\dimen113
\Gm@wd@mp=\dimen114
\Gm@odd@mp=\dimen115
\Gm@even@mp=\dimen116
\Gm@layoutwidth=\dimen117
\Gm@layoutheight=\dimen118
\Gm@layouthoffset=\dimen119
\Gm@layoutvoffset=\dimen120
\Gm@dimlist=\toks28

("C:\Program Files (x86)\MiKTeX 2.8\tex\latex\geometry\geometry.cfg"))
(C:\Users\staehff\AppData\Roaming\MiKTeX\2.8\tex\latex\fancyhdr\fancyhdr.sty
\fancy@headwidth=\skip53
\f@ncyO@elh=\skip54
\f@ncyO@erh=\skip55
\f@ncyO@olh=\skip56
\f@ncyO@orh=\skip57
\f@ncyO@elf=\skip58
\f@ncyO@erf=\skip59
\f@ncyO@olf=\skip60
\f@ncyO@orf=\skip61
)
("C:\Program Files (x86)\MiKTeX 2.8\tex\latex\graphics\graphicx.sty"
Package: graphicx 1999/02/16 v1.0f Enhanced LaTeX Graphics (DPC,SPQR)

("C:\Program Files (x86)\MiKTeX 2.8\tex\latex\graphics\graphics.sty"
Package: graphics 2009/02/05 v1.0o Standard LaTeX Graphics (DPC,SPQR)

("C:\Program Files (x86)\MiKTeX 2.8\tex\latex\graphics\trig.sty"
Package: trig 1999/03/16 v1.09 sin cos tan (DPC)
)
("C:\Program Files (x86)\MiKTeX 2.8\tex\latex\00miktex\graphics.cfg"
File: graphics.cfg 2007/01/18 v1.5 graphics configuration of teTeX/TeXLive
)
Package graphics Info: Driver file: pdftex.def on input line 91.

("C:\Program Files (x86)\MiKTeX 2.8\tex\latex\pdftex-def\pdftex.def"
File: pdftex.def 2010/02/14 v0.04n Graphics/color for pdfTeX
\Gread@gobject=\count106
))
\Gin@req@height=\dimen121
\Gin@req@width=\dimen122
)
(C:\Users\staehff\AppData\Roaming\MiKTeX\2.8\tex\latex\enumitem\enumitem.sty
Package: enumitem 2011/09/28 v3.5.2 Customized lists
\labelindent=\skip62
\enit@outerparindent=\dimen123
\enit@toks=\toks29
\enit@inbox=\box29
\enitdp@description=\count107
)
("C:\Program Files (x86)\MiKTeX 2.8\tex\latex\tools\array.sty"
Package: array 2008/09/09 v2.4c Tabular extension package (FMi)
\col@sep=\dimen124
\extrarowheight=\dimen125
\NC@list=\toks30
\extratabsurround=\skip63
\backup@length=\skip64
)
("C:\Program Files (x86)\MiKTeX 2.8\tex\latex\tools\longtable.sty"
Package: longtable 2004/02/01 v4.11 Multi-page Table package (DPC)
\LTleft=\skip65
\LTright=\skip66
\LTpre=\skip67
\LTpost=\skip68
\LTchunksize=\count108
\LTcapwidth=\dimen126
\LT@head=\box30
\LT@firsthead=\box31
\LT@foot=\box32
\LT@lastfoot=\box33
\LT@cols=\count109
\LT@rows=\count110
\c@LT@tables=\count111
\c@LT@chunks=\count112
\LT@p@ftn=\toks31
)
Class scrreprt Info: longtable captions redefined on input line 54.

("C:\Program Files (x86)\MiKTeX 2.8\tex\latex\psnfss\courier.sty"
Package: courier 2005/04/12 PSNFSS-v9.2a (WaS) 
)
("C:\Users\staehff\NI Drive\Studium\Diplomarbeit\Text\settings\syntaxhighlighti
ng.tex"
(C:\Users\staehff\AppData\Roaming\MiKTeX\2.8\tex\latex\listings\listings.sty
\lst@mode=\count113
\lst@gtempboxa=\box34
\lst@token=\toks32
\lst@length=\count114
\lst@currlwidth=\dimen127
\lst@column=\count115
\lst@pos=\count116
\lst@lostspace=\dimen128
\lst@width=\dimen129
\lst@newlines=\count117
\lst@lineno=\count118
\lst@maxwidth=\dimen130

(C:\Users\staehff\AppData\Roaming\MiKTeX\2.8\tex\latex\listings\lstmisc.sty
File: lstmisc.sty 2007/02/22 1.4 (Carsten Heinz)
\c@lstnumber=\count119
\lst@skipnumbers=\count120
\lst@framebox=\box35
)
(C:\Users\staehff\AppData\Roaming\MiKTeX\2.8\tex\latex\listings\listings.cfg
File: listings.cfg 2007/02/22 1.4 listings configuration
))
Package: listings 2007/02/22 1.4 (Carsten Heinz)

(C:\Users\staehff\AppData\Roaming\MiKTeX\2.8\tex\latex\listings\lstlang1.sty
File: lstlang1.sty 2004/09/05 1.3 listings language file
)
Package Listings Info: Made | a short reference for \lstinline on input line 69
.
Package Listings Info: Made § a short reference for \lstinline on input line 70
.
)
("C:\Users\staehff\NI Drive\Studium\Diplomarbeit\Text\settings\footnotes.tex")
(C:\Users\staehff\AppData\Roaming\MiKTeX\2.8\tex\latex\caption\caption.sty
Package: caption 2011/11/10 v3.2e Customizing captions (AR)

(C:\Users\staehff\AppData\Roaming\MiKTeX\2.8\tex\latex\caption\caption3.sty
Package: caption3 2011/11/01 v1.4a caption3 kernel (AR)
\captionmargin=\dimen131
\captionmargin@=\dimen132
\captionwidth=\dimen133
\caption@indent=\dimen134
\caption@parindent=\dimen135
\caption@hangindent=\dimen136
)
Package caption Info: KOMA-Script document class.
\c@ContinuedFloat=\count121
Package caption Info: listings package is loaded.
Package caption Info: longtable package is loaded.

(C:\Users\staehff\AppData\Roaming\MiKTeX\2.8\tex\latex\caption\ltcaption.sty
Package: ltcaption 2011/09/12 v1.3 longtable captions (AR)
))
("C:\Users\staehff\NI Drive\Studium\Diplomarbeit\Text\settings\styles.tex"
("C:\Program Files (x86)\MiKTeX 2.8\tex\latex\ltxmisc\url.sty"
\Urlmuskip=\muskip11
Package: url 2006/04/12  ver 3.3  Verb mode for urls, etc.
)
\c@defBase=\count122

(C:\Users\staehff\AppData\Roaming\MiKTeX\2.8\tex\latex\setspace\setspace.sty
Package: setspace 2011/12/19 v6.7a set line spacing
)
("C:\Program Files (x86)\MiKTeX 2.8\tex\latex\hyperref\hyperref.sty"
Package: hyperref 2010/03/30 v6.80u Hypertext links for LaTeX

("C:\Program Files (x86)\MiKTeX 2.8\tex\generic\oberdiek\ltxcmds.sty"
Package: ltxcmds 2010/04/08 v1.5 LaTeX kernel commands for general use (HO)
)
("C:\Program Files (x86)\MiKTeX 2.8\tex\generic\oberdiek\kvsetkeys.sty"
Package: kvsetkeys 2010/03/01 v1.9 Key value parser (HO)

("C:\Program Files (x86)\MiKTeX 2.8\tex\generic\oberdiek\infwarerr.sty"
Package: infwarerr 2010/04/08 v1.3 Providing info/warning/message (HO)
)
("C:\Program Files (x86)\MiKTeX 2.8\tex\generic\oberdiek\etexcmds.sty"
Package: etexcmds 2010/01/28 v1.3 Prefix for e-TeX command names (HO)
Package etexcmds Info: Could not find \expanded.
(etexcmds)             That can mean that you are not using pdfTeX 1.50 or
(etexcmds)             that some package has redefined \expanded.
(etexcmds)             In the latter case, load this package earlier.
))
("C:\Program Files (x86)\MiKTeX 2.8\tex\generic\oberdiek\pdfescape.sty"
Package: pdfescape 2010/03/01 v1.9 Provides hex, PDF name and string conversion
s (HO)

("C:\Program Files (x86)\MiKTeX 2.8\tex\generic\oberdiek\pdftexcmds.sty"
Package: pdftexcmds 2010/04/01 v0.9 Utility functions of pdfTeX for LuaTeX (HO)


("C:\Program Files (x86)\MiKTeX 2.8\tex\generic\oberdiek\ifluatex.sty"
Package: ifluatex 2010/03/01 v1.3 Provides the ifluatex switch (HO)
Package ifluatex Info: LuaTeX not detected.
)
Package pdftexcmds Info: LuaTeX not detected.
Package pdftexcmds Info: \pdf@primitive is available.
Package pdftexcmds Info: \pdf@ifprimitive is available.
))
("C:\Program Files (x86)\MiKTeX 2.8\tex\latex\ifxetex\ifxetex.sty"
Package: ifxetex 2009/01/23 v0.5 Provides ifxetex conditional
)
("C:\Program Files (x86)\MiKTeX 2.8\tex\latex\oberdiek\hycolor.sty"
Package: hycolor 2009/12/12 v1.6 Color options of hyperref/bookmark (HO)

("C:\Program Files (x86)\MiKTeX 2.8\tex\latex\oberdiek\xcolor-patch.sty"
Package: xcolor-patch 2009/12/12 xcolor patch
))
("C:\Program Files (x86)\MiKTeX 2.8\tex\latex\oberdiek\letltxmacro.sty"
Package: letltxmacro 2008/06/24 v1.3 Let assignment for LaTeX macros (HO)
)
\@linkdim=\dimen137
\Hy@linkcounter=\count123
\Hy@pagecounter=\count124

("C:\Program Files (x86)\MiKTeX 2.8\tex\latex\hyperref\pd1enc.def"
File: pd1enc.def 2010/03/30 v6.80u Hyperref: PDFDocEncoding definition (HO)
)
("C:\Program Files (x86)\MiKTeX 2.8\tex\generic\oberdiek\intcalc.sty"
Package: intcalc 2007/09/27 v1.1 Expandable integer calculations (HO)
)
("C:\Program Files (x86)\MiKTeX 2.8\tex\latex\00miktex\hyperref.cfg"
File: hyperref.cfg 2002/06/06 v1.2 hyperref configuration of TeXLive
)
("C:\Program Files (x86)\MiKTeX 2.8\tex\latex\oberdiek\kvoptions.sty"
Package: kvoptions 2010/02/22 v3.7 Keyval support for LaTeX options (HO)
)
Package hyperref Info: Option `plainpages' set `false' on input line 3528.
Package hyperref Info: Option `pdfpagelabels' set `true' on input line 3528.
Package hyperref Info: Hyper figures OFF on input line 3609.
Package hyperref Info: Link nesting OFF on input line 3614.
Package hyperref Info: Hyper index ON on input line 3617.
Package hyperref Info: Plain pages OFF on input line 3624.
Package hyperref Info: Backreferencing ON on input line 3627.

Implicit mode ON; LaTeX internals redefined
Package hyperref Info: Bookmarks ON on input line 3825.
("C:\Program Files (x86)\MiKTeX 2.8\tex\latex\hyperref\backref.sty"
Package: backref 2010/03/11 v1.35 Bibliographical back referencing

("C:\Program Files (x86)\MiKTeX 2.8\tex\latex\oberdiek\rerunfilecheck.sty"
Package: rerunfilecheck 2010/03/16 v1.6 Rerun checks for auxiliary files (HO)

("C:\Program Files (x86)\MiKTeX 2.8\tex\latex\oberdiek\atveryend.sty"
Package: atveryend 2010/03/24 v1.5 Hooks at very end of document (HO)
Package atveryend Info: \enddocument detected (standard).
)
("C:\Program Files (x86)\MiKTeX 2.8\tex\generic\oberdiek\uniquecounter.sty"
Package: uniquecounter 2009/12/18 v1.1 Provides unlimited unique counter (HO)

("C:\Program Files (x86)\MiKTeX 2.8\tex\generic\oberdiek\bigintcalc.sty"
Package: bigintcalc 2007/11/11 v1.1 Expandable big integer calculations (HO)
))
Package uniquecounter Info: New unique counter `rerunfilecheck' on input line 2
71.
))
LaTeX Info: Redefining \url on input line 4105.

("C:\Program Files (x86)\MiKTeX 2.8\tex\generic\oberdiek\bitset.sty"
Package: bitset 2007/09/28 v1.0 Data type bit set (HO)
)
\Fld@menulength=\count125
\Field@Width=\dimen138
\Fld@charsize=\dimen139
\Field@toks=\toks33
Package hyperref Info: Hyper figures OFF on input line 5083.
Package hyperref Info: Link nesting OFF on input line 5088.
Package hyperref Info: Hyper index ON on input line 5091.
Package hyperref Info: backreferencing ON on input line 5096.
Package hyperref Info: Link coloring OFF on input line 5103.
Package hyperref Info: Link coloring with OCG OFF on input line 5108.
Package hyperref Info: PDF/A mode OFF on input line 5113.
LaTeX Info: Redefining \ref on input line 5153.
LaTeX Info: Redefining \pageref on input line 5157.

("C:\Program Files (x86)\MiKTeX 2.8\tex\generic\oberdiek\atbegshi.sty"
Package: atbegshi 2010/03/25 v1.12 At begin shipout hook (HO)
)
\Hy@abspage=\count126
\c@Item=\count127
\c@Hfootnote=\count128
)
* hyperref using default driver hpdftex *
("C:\Program Files (x86)\MiKTeX 2.8\tex\latex\hyperref\hpdftex.def"
File: hpdftex.def 2010/03/30 v6.80u Hyperref driver for pdfTeX
\Fld@listcount=\count129
\c@bookmark@seq@number=\count130
\Hy@SectionHShift=\skip69
))
("C:\Users\staehff\NI Drive\Studium\Diplomarbeit\Text\settings\hyphenation.tex"
) ("C:\Users\staehff\NI Drive\Studium\Diplomarbeit\Text\Diplomarbeit.aux")
LaTeX Font Info:    Checking defaults for OML/cmm/m/it on input line 68.
LaTeX Font Info:    ... okay on input line 68.
LaTeX Font Info:    Checking defaults for T1/cmr/m/n on input line 68.
LaTeX Font Info:    ... okay on input line 68.
LaTeX Font Info:    Checking defaults for OT1/cmr/m/n on input line 68.
LaTeX Font Info:    ... okay on input line 68.
LaTeX Font Info:    Checking defaults for OMS/cmsy/m/n on input line 68.
LaTeX Font Info:    ... okay on input line 68.
LaTeX Font Info:    Checking defaults for OMX/cmex/m/n on input line 68.
LaTeX Font Info:    ... okay on input line 68.
LaTeX Font Info:    Checking defaults for U/cmr/m/n on input line 68.
LaTeX Font Info:    ... okay on input line 68.
LaTeX Font Info:    Checking defaults for PD1/pdf/m/n on input line 68.
LaTeX Font Info:    ... okay on input line 68.

babelbib: Use citation-dependent languages in bibliography
babelbib: Set bibliography fall-back language to ngerman
(C:\Users\staehff\AppData\Roaming\MiKTeX\2.8\tex\latex\babelbib\german.bdf
File: german.bdf 2012/01/03 v1.31 babelbib: multilingual bibliographies (HH)

babelbib extension \bibsgerman added to \extrasgerman
babelbib extension \bibsngerman added to \extrasngerman
babelbib extension \btxifchangecaseoff added to \extrasgerman
babelbib extension \btxifchangecaseoff added to \extrasngerman
)
*geometry* driver: auto-detecting
*geometry* detected driver: pdftex
*geometry* verbose mode - [ preamble ] result:
* driver: pdftex
* paper: a4paper
* layout: a4paper
* hratio: 4:3
* switch(es): twoside 
* h-part:(L,W,R)=(102.43097pt, 418.25368pt, 76.82323pt)
* v-part:(T,H,B)=(101.40665pt, 591.5302pt, 152.11pt)
* \paperwidth=597.50787pt
* \paperheight=845.04684pt
* \textwidth=418.25368pt
* \textheight=591.5302pt
* \oddsidemargin=30.16098pt
* \evensidemargin=4.55324pt
* \topmargin=-8.26335pt
* \headheight=17.0pt
* \headsep=20.40001pt
* \footskip=47.60002pt
* \marginparwidth=85.35828pt
* \marginparsep=12.8401pt
* \columnsep=10.0pt
* \skip\footins=10.0pt plus 4.0pt minus 2.0pt
* \hoffset=0.0pt
* \voffset=0.0pt
* \mag=1000
* \@twocolumnfalse
* \@twosidetrue
* \@mparswitchtrue
* \@reversemarginfalse
* (1in=72.27pt, 1cm=28.453pt)

("C:\Program Files (x86)\MiKTeX 2.8\tex\context\base\supp-pdf.tex"
[Loading MPS to PDF converter (version 2006.09.02).]
\scratchcounter=\count131
\scratchdimen=\dimen140
\scratchbox=\box36
\nofMPsegments=\count132
\nofMParguments=\count133
\everyMPshowfont=\toks34
\MPscratchCnt=\count134
\MPscratchDim=\dimen141
\MPnumerator=\count135
\everyMPtoPDFconversion=\toks35
)
\c@lstlisting=\count136
Package caption Info: Begin \AtBeginDocument code.
Package caption Info: hyperref package is loaded.
Package caption Info: End \AtBeginDocument code.
\AtBeginShipoutBox=\box37
Package hyperref Info: Link coloring OFF on input line 68.
 ("C:\Program Files (x86)\MiKTeX 2.8\tex\latex\hyperref\nameref.sty"
Package: nameref 2010/01/25 v2.36 Cross-referencing by name of section

("C:\Program Files (x86)\MiKTeX 2.8\tex\latex\oberdiek\refcount.sty"
Package: refcount 2008/08/11 v3.1 Data extraction from references (HO)
)
("C:\Program Files (x86)\MiKTeX 2.8\tex\generic\oberdiek\gettitlestring.sty"
Package: gettitlestring 2009/12/18 v1.3 Cleanup title references (HO)
)
\c@section@level=\count137
)
LaTeX Info: Redefining \ref on input line 68.
LaTeX Info: Redefining \pageref on input line 68.

("C:\Users\staehff\NI Drive\Studium\Diplomarbeit\Text\Diplomarbeit.out")
("C:\Users\staehff\NI Drive\Studium\Diplomarbeit\Text\Diplomarbeit.out")
\@outlinefile=\write3

("C:\Users\staehff\NI Drive\Studium\Diplomarbeit\Text\general\title.tex")
LaTeX Font Info:    Try loading font information for T1+cmss on input line 77.

("C:\Program Files (x86)\MiKTeX 2.8\tex\latex\base\t1cmss.fd"
File: t1cmss.fd 1999/05/25 v2.5h Standard LaTeX font definitions
)
<./images/00-tu-chemnitz.pdf, id=207, 273.02pt x 24.09pt>
File: ./images/00-tu-chemnitz.pdf Graphic file (type pdf)

<use ./images/00-tu-chemnitz.pdf> [1



{C:/Users/staehff/AppData/Local/MiKTeX/2.8/pdftex/config/pdftex.map} <C:/Users/
staehff/NI Drive/Studium/Diplomarbeit/Text/images/00-tu-chemnitz.pdf>] [2

]
("C:\Users\staehff\NI Drive\Studium\Diplomarbeit\Text\general\decl-of-authorshi
p.tex") [3] [4


]
("C:\Users\staehff\NI Drive\Studium\Diplomarbeit\Text\Diplomarbeit.toc"
[5])
\tf@toc=\write4

Overfull \vbox (1.39674pt too high) has occurred while \output is active []


[6]
Kapitel 1.

Class scrreprt Warning: \float@addtolists detected!
(scrreprt)              You should use the features of package `tocbasic'
(scrreprt)              instead of \float@addtolists.
(scrreprt)              Support for \float@addtolists may be removed from
(scrreprt)              `scrreprt' soon .

("C:\Users\staehff\NI Drive\Studium\Diplomarbeit\Text\01-intro.tex" [7


]
Overfull \vbox (1.39674pt too high) has occurred while \output is active []


[8]
Underfull \vbox (badness 3019) has occurred while \output is active []


Overfull \vbox (1.39674pt too high) has occurred while \output is active []


[9])
Overfull \vbox (1.39674pt too high) has occurred while \output is active []


[10]
Kapitel 2.
("C:\Users\staehff\NI Drive\Studium\Diplomarbeit\Text\03-context-dsls.tex"
[11



]
Overfull \vbox (1.39674pt too high) has occurred while \output is active []


[12]
Overfull \vbox (1.39674pt too high) has occurred while \output is active []


[13]
Overfull \vbox (1.39674pt too high) has occurred while \output is active []


[14])
Overfull \vbox (1.39674pt too high) has occurred while \output is active []


[15]
("C:\Users\staehff\NI Drive\Studium\Diplomarbeit\Text\03-context-debugging.tex"

Overfull \vbox (1.39674pt too high) has occurred while \output is active []


[16

]
Overfull \vbox (1.39674pt too high) has occurred while \output is active []


[17]
LaTeX Font Info:    Try loading font information for OMS+cmr on input line 72.
 ("C:\Program Files (x86)\MiKTeX 2.8\tex\latex\base\omscmr.fd"
File: omscmr.fd 1999/05/25 v2.5h Standard LaTeX font definitions
)
LaTeX Font Info:    Font shape `OMS/cmr/m/n' in size <10.95> not available
(Font)              Font shape `OMS/cmsy/m/n' tried instead on input line 72.

Overfull \hbox (3.3964pt too wide) in paragraph at lines 82--83
\T1/cmr/m/n/10.95 Als her-kömm-li-che De-bug-ger wer-den im Fol-gen-den in-ter-
ak-ti-ve sym-bo-li-sche Trace-Debugger
 []


Overfull \vbox (1.39674pt too high) has occurred while \output is active []


[18]
Overfull \vbox (1.39674pt too high) has occurred while \output is active []


[19]
Overfull \vbox (1.39674pt too high) has occurred while \output is active []


[20]
Overfull \vbox (1.39674pt too high) has occurred while \output is active []


[21]
Overfull \vbox (1.39674pt too high) has occurred while \output is active []


[22]
Underfull \vbox (badness 1642) has occurred while \output is active []


Overfull \vbox (1.39674pt too high) has occurred while \output is active []


[23] <./images/03-fast-breakpoints.png, id=507, 800.23969pt x 275.52937pt>
File: ./images/03-fast-breakpoints.png Graphic file (type png)

<use ./images/03-fast-breakpoints.png>
Overfull \vbox (1.39674pt too high) has occurred while \output is active []


[24 <C:/Users/staehff/NI Drive/Studium/Diplomarbeit/Text/images/03-fast-breakpo
ints.png (PNG copy)>])
Overfull \vbox (1.39674pt too high) has occurred while \output is active []


[25] ("C:\Users\staehff\NI Drive\Studium\Diplomarbeit\Text\03-context-dsp.tex"
Overfull \vbox (1.39674pt too high) has occurred while \output is active []


[26

]
Overfull \vbox (1.39674pt too high) has occurred while \output is active []


[27])
Overfull \vbox (1.39674pt too high) has occurred while \output is active []


[28] ("C:\Users\staehff\NI Drive\Studium\Diplomarbeit\Text\03-context-core.tex"

Overfull \vbox (1.39674pt too high) has occurred while \output is active []


[29

]
<./images/03-low-pass-filter-primary.png, id=570, 496.85625pt x 470.50781pt>
File: ./images/03-low-pass-filter-primary.png Graphic file (type png)

<use ./images/03-low-pass-filter-primary.png>
Overfull \vbox (1.39674pt too high) has occurred while \output is active []


[30 <C:/Users/staehff/NI Drive/Studium/Diplomarbeit/Text/images/03-low-pass-fil
ter-primary.png (PNG copy)>]
<./images/03-low-pass-filter-core-with-macros.png, id=578, 1583.9175pt x 1196.4
7pt>
File: ./images/03-low-pass-filter-core-with-macros.png Graphic file (type png)
 <use ./images/03-low-pass-filter-core-with-macros.png>
Underfull \vbox (badness 1082) has occurred while \output is active []


Overfull \vbox (1.39674pt too high) has occurred while \output is active []


[31 <C:/Users/staehff/NI Drive/Studium/Diplomarbeit/Text/images/03-low-pass-fil
ter-core-with-macros.png (PNG copy)>]
LaTeX Font Info:    Try loading font information for T1+pcr on input line 51.

("C:\Program Files (x86)\MiKTeX 2.8\tex\latex\psnfss\t1pcr.fd"
File: t1pcr.fd 2001/06/04 font definitions for T1/pcr.
)
LaTeX Font Info:    Font shape `T1/pcr/bx/n' in size <9> not available
(Font)              Font shape `T1/pcr/b/n' tried instead on input line 52.

Overfull \vbox (1.39674pt too high) has occurred while \output is active []


[32])
Overfull \vbox (1.39674pt too high) has occurred while \output is active []


[33] [34



]
Kapitel 3.
("C:\Users\staehff\NI Drive\Studium\Diplomarbeit\Text\04-concept-prolog.tex"
[35])
Overfull \vbox (1.39674pt too high) has occurred while \output is active []


[36]
Overfull \vbox (1.39674pt too high) has occurred while \output is active []


[37]
("C:\Users\staehff\NI Drive\Studium\Diplomarbeit\Text\04-concept-sameprocess.te
x" <./images/04-breakpoint.png, id=657, 899.36pt x 427.5975pt>
File: ./images/04-breakpoint.png Graphic file (type png)

<use ./images/04-breakpoint.png>
Overfull \vbox (1.39674pt too high) has occurred while \output is active []


[38

 <C:/Users/staehff/NI Drive/Studium/Diplomarbeit/Text/images/04-breakpoint.png 
(PNG copy)>]
Overfull \vbox (1.39674pt too high) has occurred while \output is active []


[39]
Overfull \vbox (1.39674pt too high) has occurred while \output is active []


[40]
Overfull \vbox (1.39674pt too high) has occurred while \output is active []


[41]
Overfull \vbox (1.39674pt too high) has occurred while \output is active []


[42]
Overfull \vbox (1.39674pt too high) has occurred while \output is active []


[43] <./images/04-minimal-loop.png, id=722, 1887.05pt x 1389.19pt>
File: ./images/04-minimal-loop.png Graphic file (type png)

<use ./images/04-minimal-loop.png>

LaTeX Warning: `!h' float specifier changed to `!ht'.


Overfull \vbox (1.39674pt too high) has occurred while \output is active []


[44])
Overfull \vbox (1.39674pt too high) has occurred while \output is active []


[45 <C:/Users/staehff/NI Drive/Studium/Diplomarbeit/Text/images/04-minimal-loop
.png (PNG copy)>]
("C:\Users\staehff\NI Drive\Studium\Diplomarbeit\Text\04-concept-realtime.tex"
Overfull \vbox (1.39674pt too high) has occurred while \output is active []


[46

]
Overfull \hbox (1.72098pt too wide) in paragraph at lines 41--42
\T1/cmr/m/n/10.95 Unter der Vor-aus-set-zung, dass es in-ner-halb des Ver-ar-be
i-tungs-pro-zes-ses nur einen Echtzeit-
 []


Overfull \vbox (1.39674pt too high) has occurred while \output is active []


[47]
Underfull \vbox (badness 5105) has occurred while \output is active []


Overfull \vbox (1.39674pt too high) has occurred while \output is active []


[48] <./images/04-stack-manipulation.png, id=763, 993.7125pt x 560.0925pt>
File: ./images/04-stack-manipulation.png Graphic file (type png)

<use ./images/04-stack-manipulation.png>
Overfull \vbox (1.39674pt too high) has occurred while \output is active []


[49 <C:/Users/staehff/NI Drive/Studium/Diplomarbeit/Text/images/04-stack-manipu
lation.png (PNG copy)>]
Overfull \vbox (1.39674pt too high) has occurred while \output is active []


[50]
Overfull \vbox (1.39674pt too high) has occurred while \output is active []


[51])
Overfull \vbox (1.39674pt too high) has occurred while \output is active []


[52]
("C:\Users\staehff\NI Drive\Studium\Diplomarbeit\Text\04-concept-summary.tex"
Underfull \vbox (badness 1107) has occurred while \output is active []


Overfull \vbox (1.39674pt too high) has occurred while \output is active []


[53

])
Overfull \vbox (1.39674pt too high) has occurred while \output is active []


[54]
Kapitel 4.
("C:\Users\staehff\NI Drive\Studium\Diplomarbeit\Text\05-impl-prototype.tex")
[55



] ("C:\Users\staehff\NI Drive\Studium\Diplomarbeit\Text\05-impl-preface.tex" <.
/images/06-projects-with-srs.png, id=828, 1015.795pt x 399.4925pt>
File: ./images/06-projects-with-srs.png Graphic file (type png)

<use ./images/06-projects-with-srs.png>
Overfull \vbox (1.39674pt too high) has occurred while \output is active []


[56

]
Overfull \vbox (1.39674pt too high) has occurred while \output is active []


[57 <C:/Users/staehff/NI Drive/Studium/Diplomarbeit/Text/images/06-projects-wit
h-srs.png (PNG copy)>]
Overfull \vbox (1.39674pt too high) has occurred while \output is active []


[58]
Overfull \vbox (1.39674pt too high) has occurred while \output is active []


[59]
Overfull \vbox (1.39674pt too high) has occurred while \output is active []


[60])
Overfull \vbox (1.39674pt too high) has occurred while \output is active []


[61]
("C:\Users\staehff\NI Drive\Studium\Diplomarbeit\Text\05-impl-programdata.tex"
Overfull \vbox (1.39674pt too high) has occurred while \output is active []


[62

] <./images/05-factory-workflow.png, id=888, 1312.905pt x 770.88pt>
File: ./images/05-factory-workflow.png Graphic file (type png)

<use ./images/05-factory-workflow.png>
Overfull \vbox (1.39674pt too high) has occurred while \output is active []


[63 <C:/Users/staehff/NI Drive/Studium/Diplomarbeit/Text/images/05-factory-work
flow.png (PNG copy)>]
Overfull \vbox (1.39674pt too high) has occurred while \output is active []


[64]
<./images/05-factory-workflow-compilation.png, id=907, 1138.2525pt x 1174.3875p
t>
File: ./images/05-factory-workflow-compilation.png Graphic file (type png)
 <use ./images/05-factory-workflow-compilation.png>
Overfull \vbox (1.39674pt too high) has occurred while \output is active []


[65 <C:/Users/staehff/NI Drive/Studium/Diplomarbeit/Text/images/05-factory-work
flow-compilation.png (PNG copy)>]

LaTeX Warning: `h' float specifier changed to `ht'.

<./images/05-factory-workflow-linking.png, id=918, 1138.2525pt x 1260.71pt>
File: ./images/05-factory-workflow-linking.png Graphic file (type png)

<use ./images/05-factory-workflow-linking.png>
Overfull \vbox (1.39674pt too high) has occurred while \output is active []


[66] <./images/05-successor-diagram-ext.png, id=927, 1606.0pt x 973.6375pt>
File: ./images/05-successor-diagram-ext.png Graphic file (type png)

<use ./images/05-successor-diagram-ext.png>
Overfull \vbox (1.39674pt too high) has occurred while \output is active []


[67 <C:/Users/staehff/NI Drive/Studium/Diplomarbeit/Text/images/05-factory-work
flow-linking.png (PNG copy)>]
Overfull \hbox (1.86377pt too wide) in paragraph at lines 133--134
[]\T1/cmr/bx/n/10.95 lastElse\T1/cmr/m/n/10.95 : Un-ter-ge-ord-ne-ter \T1/cmr/m
/it/10.95 Kind-Branch \T1/cmr/m/n/10.95 des letz-ten Else-Zweigs in-ner-halb de
s Bran-
 []


Overfull \vbox (1.39674pt too high) has occurred while \output is active []


[68 <C:/Users/staehff/NI Drive/Studium/Diplomarbeit/Text/images/05-successor-di
agram-ext.png (PNG copy)>]
Overfull \vbox (1.39674pt too high) has occurred while \output is active []


[69]
("C:\Users\staehff\NI Drive\Studium\Diplomarbeit\Text\listings\05-branching-the
nelse.txt"
LaTeX Font Info:    Font shape `T1/pcr/bx/n' in size <8> not available
(Font)              Font shape `T1/pcr/b/n' tried instead on input line 1.
LaTeX Font Info:    Font shape `T1/pcr/m/it' in size <8> not available
(Font)              Font shape `T1/pcr/m/sl' tried instead on input line 2.
)
Underfull \vbox (badness 2418) has occurred while \output is active []


Overfull \vbox (1.39674pt too high) has occurred while \output is active []


[70]
("C:\Users\staehff\NI Drive\Studium\Diplomarbeit\Text\listings\05-branching-add
segment.txt")
Overfull \vbox (1.39674pt too high) has occurred while \output is active []


[71])
("C:\Users\staehff\NI Drive\Studium\Diplomarbeit\Text\05-impl-compilation.tex"
Overfull \vbox (1.39674pt too high) has occurred while \output is active []


[72]
("C:\Users\staehff\NI Drive\Studium\Diplomarbeit\Text\listings\05-callback-poin
t.txt"
LaTeX Font Info:    Font shape `T1/pcr/m/it' in size <9> not available
(Font)              Font shape `T1/pcr/m/sl' tried instead on input line 2.
)
Overfull \vbox (1.39674pt too high) has occurred while \output is active []


[73])
Overfull \vbox (1.39674pt too high) has occurred while \output is active []


[74] ("C:\Users\staehff\NI Drive\Studium\Diplomarbeit\Text\05-impl-runtime.tex"

Overfull \vbox (1.39674pt too high) has occurred while \output is active []


[75

]
Overfull \vbox (1.39674pt too high) has occurred while \output is active []


[76]
Overfull \vbox (1.39674pt too high) has occurred while \output is active []


[77]
Overfull \vbox (1.39674pt too high) has occurred while \output is active []


[78]
Overfull \vbox (1.39674pt too high) has occurred while \output is active []


[79] <./images/05-stack-forgery.png, id=1117, 1373.13pt x 1423.3175pt>
File: ./images/05-stack-forgery.png Graphic file (type png)

<use ./images/05-stack-forgery.png>
Overfull \vbox (1.39674pt too high) has occurred while \output is active []


[80]
("C:\Users\staehff\NI Drive\Studium\Diplomarbeit\Text\listings\05-decoupling-ps
eudo-code.txt")
<./images/05-separate-stack.png, id=1129, 784.9325pt x 419.5675pt>
File: ./images/05-separate-stack.png Graphic file (type png)

<use ./images/05-separate-stack.png>

LaTeX Warning: `!h' float specifier changed to `!ht'.


Overfull \vbox (1.39674pt too high) has occurred while \output is active []


[81 <C:/Users/staehff/NI Drive/Studium/Diplomarbeit/Text/images/05-stack-forger
y.png (PNG copy)>]
Underfull \vbox (badness 10000) has occurred while \output is active []


Overfull \vbox (1.39674pt too high) has occurred while \output is active []


[82]
Overfull \hbox (2.70045pt too wide) in paragraph at lines 191--192
[] \T1/cmr/m/n/10.95 von der Be-hand-lungs-rou-ti-ne der Klas-se [][][]
 []


Overfull \vbox (1.39674pt too high) has occurred while \output is active []


[83 <C:/Users/staehff/NI Drive/Studium/Diplomarbeit/Text/images/05-separate-sta
ck.png (PNG copy)>]
Overfull \vbox (1.39674pt too high) has occurred while \output is active []


[84]
Overfull \vbox (1.39674pt too high) has occurred while \output is active []


[85]
Overfull \vbox (1.39674pt too high) has occurred while \output is active []


[86]
Overfull \vbox (1.39674pt too high) has occurred while \output is active []


[87

] <./images/05-single-stepping.png, id=1232, 788.19469pt x 274.02374pt>
File: ./images/05-single-stepping.png Graphic file (type png)

<use ./images/05-single-stepping.png>

LaTeX Warning: `!h' float specifier changed to `!ht'.

)
Overfull \vbox (1.39674pt too high) has occurred while \output is active []


[88]
Overfull \vbox (1.39674pt too high) has occurred while \output is active []


[89 <C:/Users/staehff/NI Drive/Studium/Diplomarbeit/Text/images/05-single-stepp
ing.png (PNG copy)>] [90



]
Kapitel 5.
("C:\Users\staehff\NI Drive\Studium\Diplomarbeit\Text\06-outro.tex" [91])
Overfull \vbox (1.39674pt too high) has occurred while \output is active []


[92] ("C:\Users\staehff\NI Drive\Studium\Diplomarbeit\Text\07-glossary.tex"
Underfull \hbox (badness 1365) in paragraph at lines 20--22
[]|\T1/cmr/m/n/10.95 Sequenzielle Fol-ge von Ma-schi-nen-be-feh-len oh-ne
 []

)
Overfull \hbox (3.63312pt too wide) in alignment at lines 496--498
 [] [] 
 []

[93



]
Overfull \vbox (1.39674pt too high) has occurred while \output is active []


[94] ("C:\Users\staehff\NI Drive\Studium\Diplomarbeit\Text\Diplomarbeit.bbl"
("C:\Users\staehff\NI Drive\Studium\Diplomarbeit\Text\Diplomarbeit.brf")
\tf@brf=\write5

babelbib: Using the BibTeX style's default font for `name'.
babelbib: Using the BibTeX style's default font for `lastname'.
babelbib: Using the BibTeX style's default font for `title'.
babelbib: Using the BibTeX style's default font for `jtitle'.
babelbib: Using the BibTeX style's default font for `etal'.
babelbib: Using the BibTeX style's default font for `journal'.
babelbib: Using the BibTeX style's default font for `volume'.
babelbib: Using the BibTeX style's default font for `ISBN'.
babelbib: Using the BibTeX style's default font for `ISSN'.
babelbib: Using the BibTeX style's default font for `url'.
babelbib: Using the BibTeX style's default font for `numeral'.

Underfull \hbox (badness 10000) in paragraph at lines 36--36
\T1/pcr/m/n/10.95 apple . com / library / mac / #documentation / Darwin / Conce
ptual /
 []


Underfull \hbox (badness 10000) in paragraph at lines 36--36
\T1/pcr/m/n/10.95 KernelProgramming / scheduler / scheduler . html # / / apple 
_ ref /
 []


Underfull \hbox (badness 6477) in paragraph at lines 52--52
[]\T1/cmr/m/n/10.95 Bencina, Ross: \T1/cmr/m/it/10.95 Real-time au-dio pro-gram
-ming 101: ti-me waits for
 []


Underfull \hbox (badness 10000) in paragraph at lines 52--52
\T1/cmr/m/it/10.95 nothing\T1/cmr/m/n/10.95 , Au-gust 2011.  []$\T1/pcr/m/n/10.
95 http : / / www . rossbencina . com / code /
 []


Underfull \hbox (badness 10000) in paragraph at lines 52--52
\T1/pcr/m/n/10.95 real-[]time-[]audio-[]programming-[]101-[]time-[]waits-[]for-
[]nothing$[]\T1/cmr/m/n/10.95 .
 []


Underfull \hbox (badness 10000) in paragraph at lines 60--60
[]\T1/cmr/m/n/10.95 Bristow-Johnson, Ro-bert: \T1/cmr/m/it/10.95 Comp.realtime:
 Fre-quent-ly As-ked Ques-
 []


Underfull \hbox (badness 6428) in paragraph at lines 60--60
\T1/cmr/m/it/10.95 ti-ons (Ver-si-on 3.5)\T1/cmr/m/n/10.95 , Ju-li 1998.  []$\T
1/pcr/m/n/10.95 http : / / www . faqs . org / faqs /
 []

[95



]
Overfull \vbox (1.39674pt too high) has occurred while \output is active []


[96]
Underfull \hbox (badness 10000) in paragraph at lines 259--259
[]\T1/cmr/m/n/10.95 Microsoft: \T1/cmr/m/it/10.95 Do-ku-men-ta-ti-on zur Ver-we
n-dung der Funk-tio-nen Vir-
 []


Underfull \hbox (badness 10000) in paragraph at lines 259--259
\T1/cmr/m/it/10.95 tua-lAl-loc und Vir-tu-al-Pro-tect der Win-dows API\T1/cmr/m
/n/10.95 , Ok-to-ber 2012.
 []


Underfull \hbox (badness 10000) in paragraph at lines 259--259
[]$\T1/pcr/m/n/10.95 http : / / msdn . microsoft . com / en-[]us / library / wi
ndows /
 []


Overfull \vbox (1.39674pt too high) has occurred while \output is active []


[97]
Underfull \hbox (badness 6978) in paragraph at lines 285--285
[]\T1/cmr/m/n/10.95 Reaktor, Na-ti-ve In-stru-ments Web-sei-te, De-zem-ber 2012
.  []$\T1/pcr/m/n/10.95 http :
 []


Underfull \hbox (badness 10000) in paragraph at lines 285--285
\T1/pcr/m/n/10.95 / / www . native-[]instruments . com / # / de / products / pr
oducer /
 []


Underfull \hbox (badness 7486) in paragraph at lines 322--322
[]\T1/cmr/m/n/10.95 Simulink, Ma-thWorks Web-sei-te, De-zem-ber 2012.  []$\T1/p
cr/m/n/10.95 http : / / www .
 []


Overfull \vbox (1.39674pt too high) has occurred while \output is active []


[98])
Package atveryend Info: Empty hook `BeforeClearDocument' on input line 507.

Overfull \vbox (1.39674pt too high) has occurred while \output is active []


[99]
Package atveryend Info: Empty hook `AfterLastShipout' on input line 507.
 ("C:\Users\staehff\NI Drive\Studium\Diplomarbeit\Text\Diplomarbeit.aux")
Package atveryend Info: Executing hook `AtVeryEndDocument' on input line 507.
Package rerunfilecheck Info: File `Diplomarbeit.out' has not changed.
(rerunfilecheck)             Checksum: 6DAD932C3DA6E0CB53C7E143B5FCFD3A;3819.
Package rerunfilecheck Info: File `Diplomarbeit.brf' has not changed.
(rerunfilecheck)             Checksum: E21A365E0F50CD9D0C07E400C371FECD;4492.
 ) 
Here is how much of TeX's memory you used:
 12563 strings out of 495269
 196580 string characters out of 3179641
 329130 words of memory out of 3000000
 15020 multiletter control sequences out of 15000+200000
 34511 words of font info for 80 fonts, out of 3000000 for 9000
 15 hyphenation exceptions out of 8191
 56i,8n,47p,2292b,1211s stack positions out of 5000i,500n,10000p,200000b,50000s
{C:/Program Files (x86)/MiKTeX 2.8/fonts/enc/dvips/fontname/8r.enc} <C:\Users
\staehff\AppData\Local\MiKTeX\2.8\fonts\pk\ljfour\jknappen\ec\dpi600\ecbx0900.p
k> <C:\Users\staehff\AppData\Local\MiKTeX\2.8\fonts\pk\ljfour\jknappen\ec\dpi60
0\ecsx1200.pk> <C:\Users\staehff\AppData\Local\MiKTeX\2.8\fonts\pk\ljfour\jknap
pen\ec\dpi600\ecti0900.pk> <C:\Users\staehff\AppData\Local\MiKTeX\2.8\fonts\pk\
ljfour\jknappen\ec\dpi600\ecrm0900.pk> <C:\Users\staehff\AppData\Local\MiKTeX\2
.8\fonts\pk\ljfour\jknappen\ec\dpi600\ecrm0600.pk> <C:\Users\staehff\AppData\Lo
cal\MiKTeX\2.8\fonts\pk\ljfour\jknappen\ec\dpi600\ecrm0800.pk> <C:\Users\staehf
f\AppData\Local\MiKTeX\2.8\fonts\pk\ljfour\jknappen\ec\dpi600\ecti1095.pk> <C:\
Users\staehff\AppData\Local\MiKTeX\2.8\fonts\pk\ljfour\jknappen\ec\dpi600\ecsl1
095.pk> <C:\Users\staehff\AppData\Local\MiKTeX\2.8\fonts\pk\ljfour\jknappen\ec\
dpi600\ecsx1095.pk> <C:\Users\staehff\AppData\Local\MiKTeX\2.8\fonts\pk\ljfour\
jknappen\ec\dpi600\ecsx1728.pk> <C:\Users\staehff\AppData\Local\MiKTeX\2.8\font
s\pk\ljfour\jknappen\ec\dpi600\ecsx1440.pk> <C:\Users\staehff\AppData\Local\MiK
TeX\2.8\fonts\pk\ljfour\jknappen\ec\dpi600\ecrm1095.pk> <C:\Users\staehff\AppDa
ta\Local\MiKTeX\2.8\fonts\pk\ljfour\jknappen\ec\dpi600\ecbx1095.pk> <C:\Users\s
taehff\AppData\Local\MiKTeX\2.8\fonts\pk\ljfour\jknappen\ec\dpi600\ecbx1200.pk>
 <C:\Users\staehff\AppData\Local\MiKTeX\2.8\fonts\pk\ljfour\jknappen\ec\dpi600\
ecbx2488.pk> <C:\Users\staehff\AppData\Local\MiKTeX\2.8\fonts\pk\ljfour\jknappe
n\ec\dpi600\ecss1200.pk> <C:\Users\staehff\AppData\Local\MiKTeX\2.8\fonts\pk\lj
four\jknappen\ec\dpi600\ecss1440.pk><C:/Program Files (x86)/MiKTeX 2.8/fonts/ty
pe1/public/amsfonts/cm/cmmi10.pfb><C:/Program Files (x86)/MiKTeX 2.8/fonts/type
1/public/amsfonts/cm/cmmi6.pfb><C:/Program Files (x86)/MiKTeX 2.8/fonts/type1/p
ublic/amsfonts/cm/cmmi8.pfb><C:/Program Files (x86)/MiKTeX 2.8/fonts/type1/publ
ic/amsfonts/cm/cmmi9.pfb><C:/Program Files (x86)/MiKTeX 2.8/fonts/type1/public/
amsfonts/cm/cmr10.pfb><C:/Program Files (x86)/MiKTeX 2.8/fonts/type1/public/ams
fonts/cm/cmr6.pfb><C:/Program Files (x86)/MiKTeX 2.8/fonts/type1/public/amsfont
s/cm/cmr8.pfb><C:/Program Files (x86)/MiKTeX 2.8/fonts/type1/public/amsfonts/cm
/cmsy10.pfb><C:/Program Files (x86)/MiKTeX 2.8/fonts/type1/public/amsfonts/cm/c
msy6.pfb><C:/Program Files (x86)/MiKTeX 2.8/fonts/type1/public/amsfonts/cm/cmsy
8.pfb><C:/Program Files (x86)/MiKTeX 2.8/fonts/type1/urw/courier/ucrb8a.pfb><C:
/Program Files (x86)/MiKTeX 2.8/fonts/type1/urw/courier/ucrr8a.pfb><C:/Program 
Files (x86)/MiKTeX 2.8/fonts/type1/urw/courier/ucrro8a.pfb>
Output written on Diplomarbeit.pdf (99 pages, 1426206 bytes).
PDF statistics:
 2277 PDF objects out of 2487 (max. 8388607)
 431 named destinations out of 1000 (max. 500000)
 484 words of extra memory for PDF output out of 10000 (max. 10000000)

